# JRE version: OpenJDK Runtime Environment (11.0.15+10) (build 11.0.15+10)
# Java VM: OpenJDK 64-Bit Server VM (11.0.15+10, mixed mode, tiered, compressed oops, g1 gc, linux-amd64)
Heap:
 garbage-first heap   total 556032K, used 125587K [0x00000006c8200000, 0x0000000800000000)
  region size 1024K, 36 young (36864K), 5 survivors (5120K)
 Metaspace       used 68628K, capacity 92155K, committed 92276K, reserved 1116160K
  class space    used 16588K, capacity 24659K, committed 24752K, reserved 1048576K
GC Heap History (20 events):
Event: 16.103 GC heap before
{Heap before GC invocations=22 (full 0):
 garbage-first heap   total 556032K, used 351118K [0x00000006c8200000, 0x0000000800000000)
  region size 1024K, 325 young (332800K), 21 survivors (21504K)
 Metaspace       used 54099K, capacity 69203K, committed 69364K, reserved 1101824K
  class space    used 11996K, capacity 17116K, committed 17200K, reserved 1048576K
}
Event: 16.115 GC heap after
{Heap after GC invocations=23 (full 0):
 garbage-first heap   total 556032K, used 39822K [0x00000006c8200000, 0x0000000800000000)
  region size 1024K, 21 young (21504K), 21 survivors (21504K)
 Metaspace       used 54099K, capacity 69203K, committed 69364K, reserved 1101824K
  class space    used 11996K, capacity 17116K, committed 17200K, reserved 1048576K
}
Event: 17.665 GC heap before
{Heap before GC invocations=23 (full 0):
 garbage-first heap   total 556032K, used 351118K [0x00000006c8200000, 0x0000000800000000)
  region size 1024K, 325 young (332800K), 21 survivors (21504K)
 Metaspace       used 57040K, capacity 74315K, committed 74612K, reserved 1105920K
  class space    used 13029K, capacity 19032K, committed 19120K, reserved 1048576K
}
Event: 17.682 GC heap after
{Heap after GC invocations=24 (full 0):
 garbage-first heap   total 556032K, used 42382K [0x00000006c8200000, 0x0000000800000000)
  region size 1024K, 24 young (24576K), 24 survivors (24576K)
 Metaspace       used 57040K, capacity 74315K, committed 74612K, reserved 1105920K
  class space    used 13029K, capacity 19032K, committed 19120K, reserved 1048576K
}
Event: 19.122 GC heap before
{Heap before GC invocations=24 (full 0):
 garbage-first heap   total 556032K, used 350606K [0x00000006c8200000, 0x0000000800000000)
  region size 1024K, 325 young (332800K), 24 survivors (24576K)
 Metaspace       used 62414K, capacity 82667K, committed 82932K, reserved 1110016K
  class space    used 14703K, capacity 21732K, committed 21808K, reserved 1048576K
}
Event: 19.142 GC heap after
{Heap after GC invocations=25 (full 0):
 garbage-first heap   total 556032K, used 52644K [0x00000006c8200000, 0x0000000800000000)
  region size 1024K, 31 young (31744K), 31 survivors (31744K)
 Metaspace       used 62414K, capacity 82667K, committed 82932K, reserved 1110016K
  class space    used 14703K, capacity 21732K, committed 21808K, reserved 1048576K
}
Event: 25.740 GC heap before
{Heap before GC invocations=25 (full 0):
 garbage-first heap   total 556032K, used 353700K [0x00000006c8200000, 0x0000000800000000)
  region size 1024K, 325 young (332800K), 31 survivors (31744K)
 Metaspace       used 63453K, capacity 84465K, committed 84596K, reserved 1112064K
  class space    used 15027K, capacity 22322K, committed 22448K, reserved 1048576K
}
Event: 25.772 GC heap after
{Heap after GC invocations=26 (full 0):
 garbage-first heap   total 556032K, used 53515K [0x00000006c8200000, 0x0000000800000000)
  region size 1024K, 22 young (22528K), 22 survivors (22528K)
 Metaspace       used 63453K, capacity 84465K, committed 84596K, reserved 1112064K
  class space    used 15027K, capacity 22322K, committed 22448K, reserved 1048576K
}
Event: 34.027 GC heap before
{Heap before GC invocations=26 (full 0):
 garbage-first heap   total 556032K, used 363787K [0x00000006c8200000, 0x0000000800000000)
  region size 1024K, 325 young (332800K), 22 survivors (22528K)
 Metaspace       used 63453K, capacity 84465K, committed 84596K, reserved 1112064K
  class space    used 15027K, capacity 22322K, committed 22448K, reserved 1048576K
}
Event: 34.044 GC heap after
{Heap after GC invocations=27 (full 0):
 garbage-first heap   total 556032K, used 54671K [0x00000006c8200000, 0x0000000800000000)
  region size 1024K, 20 young (20480K), 20 survivors (20480K)
 Metaspace       used 63453K, capacity 84465K, committed 84596K, reserved 1112064K
  class space    used 15027K, capacity 22322K, committed 22448K, reserved 1048576K
}
Event: 42.111 GC heap before
{Heap before GC invocations=27 (full 0):
 garbage-first heap   total 556032K, used 366991K [0x00000006c8200000, 0x0000000800000000)
  region size 1024K, 325 young (332800K), 20 survivors (20480K)
 Metaspace       used 63746K, capacity 84903K, committed 85108K, reserved 1112064K
  class space    used 15111K, capacity 22432K, committed 22448K, reserved 1048576K
}
Event: 42.122 GC heap after
{Heap after GC invocations=28 (full 0):
 garbage-first heap   total 556032K, used 55183K [0x00000006c8200000, 0x0000000800000000)
  region size 1024K, 21 young (21504K), 21 survivors (21504K)
 Metaspace       used 63746K, capacity 84903K, committed 85108K, reserved 1112064K
  class space    used 15111K, capacity 22432K, committed 22448K, reserved 1048576K
}
Event: 49.291 GC heap before
{Heap before GC invocations=28 (full 0):
 garbage-first heap   total 556032K, used 374671K [0x00000006c8200000, 0x0000000800000000)
  region size 1024K, 325 young (332800K), 21 survivors (21504K)
 Metaspace       used 66989K, capacity 89555K, committed 89716K, reserved 1116160K
  class space    used 16093K, capacity 23936K, committed 23984K, reserved 1048576K
}
Event: 49.304 GC heap after
{Heap after GC invocations=29 (full 0):
 garbage-first heap   total 556032K, used 59791K [0x00000006c8200000, 0x0000000800000000)
  region size 1024K, 25 young (25600K), 25 survivors (25600K)
 Metaspace       used 66989K, capacity 89555K, committed 89716K, reserved 1116160K
  class space    used 16093K, capacity 23936K, committed 23984K, reserved 1048576K
}
Event: 49.940 GC heap before
{Heap before GC invocations=29 (full 0):
 garbage-first heap   total 556032K, used 366991K [0x00000006c8200000, 0x0000000800000000)
  region size 1024K, 325 young (332800K), 25 survivors (25600K)
 Metaspace       used 68430K, capacity 91857K, committed 92148K, reserved 1116160K
  class space    used 16536K, capacity 24590K, committed 24624K, reserved 1048576K
}
Event: 49.964 GC heap after
{Heap after GC invocations=30 (full 0):
 garbage-first heap   total 556032K, used 85068K [0x00000006c8200000, 0x0000000800000000)
  region size 1024K, 41 young (41984K), 41 survivors (41984K)
 Metaspace       used 68430K, capacity 91857K, committed 92148K, reserved 1116160K
  class space    used 16536K, capacity 24590K, committed 24624K, reserved 1048576K
}
Event: 50.122 GC heap before
{Heap before GC invocations=30 (full 0):
 garbage-first heap   total 556032K, used 375884K [0x00000006c8200000, 0x0000000800000000)
  region size 1024K, 325 young (332800K), 41 survivors (41984K)
 Metaspace       used 68431K, capacity 91857K, committed 92148K, reserved 1116160K
  class space    used 16537K, capacity 24590K, committed 24624K, reserved 1048576K
}
Event: 50.148 GC heap after
{Heap after GC invocations=31 (full 0):
 garbage-first heap   total 556032K, used 89235K [0x00000006c8200000, 0x0000000800000000)
  region size 1024K, 4 young (4096K), 4 survivors (4096K)
 Metaspace       used 68431K, capacity 91857K, committed 92148K, reserved 1116160K
  class space    used 16537K, capacity 24590K, committed 24624K, reserved 1048576K
}
Event: 136.354 GC heap before
{Heap before GC invocations=31 (full 0):
 garbage-first heap   total 556032K, used 434323K [0x00000006c8200000, 0x0000000800000000)
  region size 1024K, 325 young (332800K), 4 survivors (4096K)
 Metaspace       used 68602K, capacity 92137K, committed 92276K, reserved 1116160K
  class space    used 16582K, capacity 24654K, committed 24752K, reserved 1048576K
}
Event: 136.358 GC heap after
{Heap after GC invocations=32 (full 0):
 garbage-first heap   total 556032K, used 94867K [0x00000006c8200000, 0x0000000800000000)
  region size 1024K, 5 young (5120K), 5 survivors (5120K)
 Metaspace       used 68602K, capacity 92137K, committed 92276K, reserved 1116160K
  class space    used 16582K, capacity 24654K, committed 24752K, reserved 1048576K
}

