# JRE version: OpenJDK Runtime Environment (11.0.15+10) (build 11.0.15+10)
# Java VM: OpenJDK 64-Bit Server VM (11.0.15+10, mixed mode, tiered, compressed oops, g1 gc, linux-amd64)
Heap:
 garbage-first heap   total 552960K, used 208270K [0x00000006c8200000, 0x0000000800000000)
  region size 1024K, 126 young (129024K), 5 survivors (5120K)
 Metaspace       used 69427K, capacity 93556K, committed 93684K, reserved 1118208K
  class space    used 16849K, capacity 25055K, committed 25136K, reserved 1048576K
GC Heap History (20 events):
Event: 4919.048 GC heap before
{Heap before GC invocations=50 (full 0):
 garbage-first heap   total 552960K, used 412184K [0x00000006c8200000, 0x0000000800000000)
  region size 1024K, 324 young (331776K), 4 survivors (4096K)
 Metaspace       used 68906K, capacity 92649K, committed 92916K, reserved 1118208K
  class space    used 16676K, capacity 24775K, committed 24880K, reserved 1048576K
}
Event: 4919.051 GC heap after
{Heap after GC invocations=51 (full 0):
 garbage-first heap   total 552960K, used 84504K [0x00000006c8200000, 0x0000000800000000)
  region size 1024K, 4 young (4096K), 4 survivors (4096K)
 Metaspace       used 68906K, capacity 92649K, committed 92916K, reserved 1118208K
  class space    used 16676K, capacity 24775K, committed 24880K, reserved 1048576K
}
Event: 7971.384 GC heap before
{Heap before GC invocations=51 (full 0):
 garbage-first heap   total 552960K, used 412184K [0x00000006c8200000, 0x0000000800000000)
  region size 1024K, 324 young (331776K), 4 survivors (4096K)
 Metaspace       used 68984K, capacity 92759K, committed 92916K, reserved 1118208K
  class space    used 16702K, capacity 24813K, committed 24880K, reserved 1048576K
}
Event: 7971.387 GC heap after
{Heap after GC invocations=52 (full 0):
 garbage-first heap   total 552960K, used 84721K [0x00000006c8200000, 0x0000000800000000)
  region size 1024K, 5 young (5120K), 5 survivors (5120K)
 Metaspace       used 68984K, capacity 92759K, committed 92916K, reserved 1118208K
  class space    used 16702K, capacity 24813K, committed 24880K, reserved 1048576K
}
Event: 8086.824 GC heap before
{Heap before GC invocations=52 (full 0):
 garbage-first heap   total 552960K, used 411377K [0x00000006c8200000, 0x0000000800000000)
  region size 1024K, 324 young (331776K), 5 survivors (5120K)
 Metaspace       used 69059K, capacity 92925K, committed 93172K, reserved 1118208K
  class space    used 16724K, capacity 24846K, committed 24880K, reserved 1048576K
}
Event: 8086.827 GC heap after
{Heap after GC invocations=53 (full 0):
 garbage-first heap   total 552960K, used 85303K [0x00000006c8200000, 0x0000000800000000)
  region size 1024K, 5 young (5120K), 5 survivors (5120K)
 Metaspace       used 69059K, capacity 92925K, committed 93172K, reserved 1118208K
  class space    used 16724K, capacity 24846K, committed 24880K, reserved 1048576K
}
Event: 8233.286 GC heap before
{Heap before GC invocations=53 (full 0):
 garbage-first heap   total 552960K, used 410935K [0x00000006c8200000, 0x0000000800000000)
  region size 1024K, 324 young (331776K), 5 survivors (5120K)
 Metaspace       used 69096K, capacity 92985K, committed 93172K, reserved 1118208K
  class space    used 16736K, capacity 24866K, committed 24880K, reserved 1048576K
}
Event: 8233.289 GC heap after
{Heap after GC invocations=54 (full 0):
 garbage-first heap   total 552960K, used 84504K [0x00000006c8200000, 0x0000000800000000)
  region size 1024K, 4 young (4096K), 4 survivors (4096K)
 Metaspace       used 69096K, capacity 92985K, committed 93172K, reserved 1118208K
  class space    used 16736K, capacity 24866K, committed 24880K, reserved 1048576K
}
Event: 10979.487 GC heap before
{Heap before GC invocations=54 (full 0):
 garbage-first heap   total 552960K, used 411160K [0x00000006c8200000, 0x0000000800000000)
  region size 1024K, 324 young (331776K), 4 survivors (4096K)
 Metaspace       used 69143K, capacity 93063K, committed 93300K, reserved 1118208K
  class space    used 16751K, capacity 24892K, committed 25008K, reserved 1048576K
}
Event: 10979.490 GC heap after
{Heap after GC invocations=55 (full 0):
 garbage-first heap   total 552960K, used 84504K [0x00000006c8200000, 0x0000000800000000)
  region size 1024K, 4 young (4096K), 4 survivors (4096K)
 Metaspace       used 69143K, capacity 93063K, committed 93300K, reserved 1118208K
  class space    used 16751K, capacity 24892K, committed 25008K, reserved 1048576K
}
Event: 12321.309 GC heap before
{Heap before GC invocations=55 (full 0):
 garbage-first heap   total 552960K, used 412184K [0x00000006c8200000, 0x0000000800000000)
  region size 1024K, 324 young (331776K), 4 survivors (4096K)
 Metaspace       used 69181K, capacity 93123K, committed 93300K, reserved 1118208K
  class space    used 16763K, capacity 24912K, committed 25008K, reserved 1048576K
}
Event: 12321.311 GC heap after
{Heap after GC invocations=56 (full 0):
 garbage-first heap   total 552960K, used 84697K [0x00000006c8200000, 0x0000000800000000)
  region size 1024K, 5 young (5120K), 5 survivors (5120K)
 Metaspace       used 69181K, capacity 93123K, committed 93300K, reserved 1118208K
  class space    used 16763K, capacity 24912K, committed 25008K, reserved 1048576K
}
Event: 13516.182 GC heap before
{Heap before GC invocations=56 (full 0):
 garbage-first heap   total 552960K, used 410329K [0x00000006c8200000, 0x0000000800000000)
  region size 1024K, 324 young (331776K), 5 survivors (5120K)
 Metaspace       used 69224K, capacity 93195K, committed 93300K, reserved 1118208K
  class space    used 16777K, capacity 24936K, committed 25008K, reserved 1048576K
}
Event: 13516.185 GC heap after
{Heap after GC invocations=57 (full 0):
 garbage-first heap   total 552960K, used 85305K [0x00000006c8200000, 0x0000000800000000)
  region size 1024K, 5 young (5120K), 5 survivors (5120K)
 Metaspace       used 69224K, capacity 93195K, committed 93300K, reserved 1118208K
  class space    used 16777K, capacity 24936K, committed 25008K, reserved 1048576K
}
Event: 61083.907 GC heap before
{Heap before GC invocations=57 (full 0):
 garbage-first heap   total 552960K, used 411961K [0x00000006c8200000, 0x0000000800000000)
  region size 1024K, 324 young (331776K), 5 survivors (5120K)
 Metaspace       used 69272K, capacity 93285K, committed 93556K, reserved 1118208K
  class space    used 16794K, capacity 24966K, committed 25008K, reserved 1048576K
}
Event: 61083.910 GC heap after
{Heap after GC invocations=58 (full 0):
 garbage-first heap   total 552960K, used 84733K [0x00000006c8200000, 0x0000000800000000)
  region size 1024K, 5 young (5120K), 5 survivors (5120K)
 Metaspace       used 69272K, capacity 93285K, committed 93556K, reserved 1118208K
  class space    used 16794K, capacity 24966K, committed 25008K, reserved 1048576K
}
Event: 62393.251 GC heap before
{Heap before GC invocations=58 (full 0):
 garbage-first heap   total 552960K, used 411389K [0x00000006c8200000, 0x0000000800000000)
  region size 1024K, 324 young (331776K), 5 survivors (5120K)
 Metaspace       used 69333K, capacity 93399K, committed 93556K, reserved 1118208K
  class space    used 16817K, capacity 25004K, committed 25008K, reserved 1048576K
}
Event: 62393.254 GC heap after
{Heap after GC invocations=59 (full 0):
 garbage-first heap   total 552960K, used 85337K [0x00000006c8200000, 0x0000000800000000)
  region size 1024K, 5 young (5120K), 5 survivors (5120K)
 Metaspace       used 69333K, capacity 93399K, committed 93556K, reserved 1118208K
  class space    used 16817K, capacity 25004K, committed 25008K, reserved 1048576K
}
Event: 62723.473 GC heap before
{Heap before GC invocations=59 (full 0):
 garbage-first heap   total 552960K, used 411993K [0x00000006c8200000, 0x0000000800000000)
  region size 1024K, 324 young (331776K), 5 survivors (5120K)
 Metaspace       used 69400K, capacity 93510K, committed 93684K, reserved 1118208K
  class space    used 16840K, capacity 25041K, committed 25136K, reserved 1048576K
}
Event: 62723.476 GC heap after
{Heap after GC invocations=60 (full 0):
 garbage-first heap   total 552960K, used 85390K [0x00000006c8200000, 0x0000000800000000)
  region size 1024K, 5 young (5120K), 5 survivors (5120K)
 Metaspace       used 69400K, capacity 93510K, committed 93684K, reserved 1118208K
  class space    used 16840K, capacity 25041K, committed 25136K, reserved 1048576K
}

