# JRE version: OpenJDK Runtime Environment (11.0.15+10) (build 11.0.15+10)
# Java VM: OpenJDK 64-Bit Server VM (11.0.15+10, mixed mode, tiered, compressed oops, g1 gc, linux-amd64)
Heap:
 garbage-first heap   total 663552K, used 412803K [0x00000006c8200000, 0x0000000800000000)
  region size 1024K, 386 young (395264K), 21 survivors (21504K)
 Metaspace       used 54318K, capacity 69515K, committed 69748K, reserved 1101824K
  class space    used 12068K, capacity 17228K, committed 17276K, reserved 1048576K
GC Heap History (20 events):
Event: 6.949 GC heap before
{Heap before GC invocations=12 (full 0):
 garbage-first heap   total 460800K, used 284218K [0x00000006c8200000, 0x0000000800000000)
  region size 1024K, 270 young (276480K), 12 survivors (12288K)
 Metaspace       used 38688K, capacity 44842K, committed 44976K, reserved 1083392K
  class space    used 8070K, capacity 10291K, committed 10416K, reserved 1048576K
}
Event: 6.959 GC heap after
{Heap after GC invocations=13 (full 0):
 garbage-first heap   total 460800K, used 22074K [0x00000006c8200000, 0x0000000800000000)
  region size 1024K, 14 young (14336K), 14 survivors (14336K)
 Metaspace       used 38688K, capacity 44842K, committed 44976K, reserved 1083392K
  class space    used 8070K, capacity 10291K, committed 10416K, reserved 1048576K
}
Event: 7.293 GC heap before
{Heap before GC invocations=13 (full 0):
 garbage-first heap   total 460800K, used 284218K [0x00000006c8200000, 0x0000000800000000)
  region size 1024K, 270 young (276480K), 14 survivors (14336K)
 Metaspace       used 38688K, capacity 44842K, committed 44976K, reserved 1083392K
  class space    used 8070K, capacity 10291K, committed 10416K, reserved 1048576K
}
Event: 7.305 GC heap after
{Heap after GC invocations=14 (full 0):
 garbage-first heap   total 460800K, used 23098K [0x00000006c8200000, 0x0000000800000000)
  region size 1024K, 15 young (15360K), 15 survivors (15360K)
 Metaspace       used 38688K, capacity 44842K, committed 44976K, reserved 1083392K
  class space    used 8070K, capacity 10291K, committed 10416K, reserved 1048576K
}
Event: 7.735 GC heap before
{Heap before GC invocations=14 (full 0):
 garbage-first heap   total 460800K, used 284218K [0x00000006c8200000, 0x0000000800000000)
  region size 1024K, 270 young (276480K), 15 survivors (15360K)
 Metaspace       used 39050K, capacity 45386K, committed 45616K, reserved 1085440K
  class space    used 8173K, capacity 10439K, committed 10544K, reserved 1048576K
}
Event: 7.746 GC heap after
{Heap after GC invocations=15 (full 0):
 garbage-first heap   total 552960K, used 25146K [0x00000006c8200000, 0x0000000800000000)
  region size 1024K, 17 young (17408K), 17 survivors (17408K)
 Metaspace       used 39050K, capacity 45386K, committed 45616K, reserved 1085440K
  class space    used 8173K, capacity 10439K, committed 10544K, reserved 1048576K
}
Event: 8.537 GC heap before
{Heap before GC invocations=15 (full 0):
 garbage-first heap   total 552960K, used 339514K [0x00000006c8200000, 0x0000000800000000)
  region size 1024K, 324 young (331776K), 17 survivors (17408K)
 Metaspace       used 40646K, capacity 48308K, committed 48432K, reserved 1087488K
  class space    used 8667K, capacity 11305K, committed 11312K, reserved 1048576K
}
Event: 8.549 GC heap after
{Heap after GC invocations=16 (full 0):
 garbage-first heap   total 552960K, used 28218K [0x00000006c8200000, 0x0000000800000000)
  region size 1024K, 20 young (20480K), 20 survivors (20480K)
 Metaspace       used 40646K, capacity 48308K, committed 48432K, reserved 1087488K
  class space    used 8667K, capacity 11305K, committed 11312K, reserved 1048576K
}
Event: 9.547 GC heap before
{Heap before GC invocations=16 (full 0):
 garbage-first heap   total 552960K, used 339514K [0x00000006c8200000, 0x0000000800000000)
  region size 1024K, 324 young (331776K), 20 survivors (20480K)
 Metaspace       used 43648K, capacity 52712K, committed 52912K, reserved 1089536K
  class space    used 9454K, capacity 12441K, committed 12464K, reserved 1048576K
}
Event: 9.560 GC heap after
{Heap after GC invocations=17 (full 0):
 garbage-first heap   total 552960K, used 30778K [0x00000006c8200000, 0x0000000800000000)
  region size 1024K, 22 young (22528K), 22 survivors (22528K)
 Metaspace       used 43648K, capacity 52712K, committed 52912K, reserved 1089536K
  class space    used 9454K, capacity 12441K, committed 12464K, reserved 1048576K
}
Event: 10.646 GC heap before
{Heap before GC invocations=17 (full 0):
 garbage-first heap   total 552960K, used 340026K [0x00000006c8200000, 0x0000000800000000)
  region size 1024K, 324 young (331776K), 22 survivors (22528K)
 Metaspace       used 46843K, capacity 58886K, committed 59184K, reserved 1093632K
  class space    used 10380K, capacity 14340K, committed 14384K, reserved 1048576K
}
Event: 10.664 GC heap after
{Heap after GC invocations=18 (full 0):
 garbage-first heap   total 552960K, used 33603K [0x00000006c8200000, 0x0000000800000000)
  region size 1024K, 23 young (23552K), 23 survivors (23552K)
 Metaspace       used 46843K, capacity 58886K, committed 59184K, reserved 1093632K
  class space    used 10380K, capacity 14340K, committed 14384K, reserved 1048576K
}
Event: 10.723 GC heap before
{Heap before GC invocations=18 (full 0):
 garbage-first heap   total 552960K, used 44867K [0x00000006c8200000, 0x0000000800000000)
  region size 1024K, 35 young (35840K), 23 survivors (23552K)
 Metaspace       used 47613K, capacity 59676K, committed 59816K, reserved 1095680K
  class space    used 10516K, capacity 14482K, committed 14512K, reserved 1048576K
}
Event: 10.737 GC heap after
{Heap after GC invocations=19 (full 0):
 garbage-first heap   total 552960K, used 34269K [0x00000006c8200000, 0x0000000800000000)
  region size 1024K, 22 young (22528K), 22 survivors (22528K)
 Metaspace       used 47613K, capacity 59676K, committed 59816K, reserved 1095680K
  class space    used 10516K, capacity 14482K, committed 14512K, reserved 1048576K
}
Event: 12.214 GC heap before
{Heap before GC invocations=20 (full 0):
 garbage-first heap   total 552960K, used 343517K [0x00000006c8200000, 0x0000000800000000)
  region size 1024K, 324 young (331776K), 22 survivors (22528K)
 Metaspace       used 52933K, capacity 66641K, committed 66804K, reserved 1099776K
  class space    used 11730K, capacity 16266K, committed 16380K, reserved 1048576K
}
Event: 12.232 GC heap after
{Heap after GC invocations=21 (full 0):
 garbage-first heap   total 552960K, used 38270K [0x00000006c8200000, 0x0000000800000000)
  region size 1024K, 23 young (23552K), 23 survivors (23552K)
 Metaspace       used 52933K, capacity 66641K, committed 66804K, reserved 1099776K
  class space    used 11730K, capacity 16266K, committed 16380K, reserved 1048576K
}
Event: 13.601 GC heap before
{Heap before GC invocations=22 (full 0):
 garbage-first heap   total 552960K, used 346494K [0x00000006c8200000, 0x0000000800000000)
  region size 1024K, 324 young (331776K), 23 survivors (23552K)
 Metaspace       used 53915K, capacity 68809K, committed 68980K, reserved 1101824K
  class space    used 11956K, capacity 16986K, committed 17020K, reserved 1048576K
}
Event: 13.618 GC heap after
{Heap after GC invocations=23 (full 0):
 garbage-first heap   total 663552K, used 39555K [0x00000006c8200000, 0x0000000800000000)
  region size 1024K, 20 young (20480K), 20 survivors (20480K)
 Metaspace       used 53915K, capacity 68809K, committed 68980K, reserved 1101824K
  class space    used 11956K, capacity 16986K, committed 17020K, reserved 1048576K
}
Event: 15.617 GC heap before
{Heap before GC invocations=23 (full 0):
 garbage-first heap   total 663552K, used 416387K [0x00000006c8200000, 0x0000000800000000)
  region size 1024K, 388 young (397312K), 20 survivors (20480K)
 Metaspace       used 54114K, capacity 69199K, committed 69364K, reserved 1101824K
  class space    used 12003K, capacity 17116K, committed 17148K, reserved 1048576K
}
Event: 15.629 GC heap after
{Heap after GC invocations=24 (full 0):
 garbage-first heap   total 663552K, used 40067K [0x00000006c8200000, 0x0000000800000000)
  region size 1024K, 21 young (21504K), 21 survivors (21504K)
 Metaspace       used 54114K, capacity 69199K, committed 69364K, reserved 1101824K
  class space    used 12003K, capacity 17116K, committed 17148K, reserved 1048576K
}

